app/build/outputs/mapping/release/seeds.txt
com.dicoding.moviecatalog.presentation.main.MovieListFragment$special$$inlined$viewModel$default$2
com.dicoding.moviecatalog.presentation.main.MovieAdapter$Companion
com.dicoding.moviecatalog.presentation.main.MovieListViewModel$uiState$3
com.dicoding.moviecatalog.favorite.FavoriteFragment
com.dicoding.moviecatalog.core.data.source.local.room.MovieDatabase
com.dicoding.moviecatalog.presentation.detail.DetailActivity$viewModel$2
com.dicoding.moviecatalog.presentation.main.MovieListFragment$observe$1$1
com.dicoding.moviecatalog.presentation.main.MovieListViewModel$special$$inlined$flatMapLatest$1
com.dicoding.moviecatalog.presentation.main.MainActivity$onCreateOptionsMenu$1
com.dicoding.moviecatalog.presentation.favorite.FavoriteFeature
com.dicoding.moviecatalog.presentation.main.MovieListViewModel$refresh$1
com.dicoding.moviecatalog.presentation.detail.DetailViewModel$special$$inlined$map$1
com.dicoding.moviecatalog.presentation.main.MovieListFragment$special$$inlined$viewModel$default$1
com.dicoding.moviecatalog.presentation.main.MovieListFragment
com.dicoding.moviecatalog.core.data.source.remote.response.MovieListResponse
com.dicoding.moviecatalog.core.domain.model.MovieDetail
com.dicoding.moviecatalog.presentation.main.MovieAdapter
com.dicoding.moviecatalog.presentation.favorite.FavoriteNavigator
com.dicoding.moviecatalog.presentation.model.MovieDetailUi
com.dicoding.moviecatalog.core.data.source.remote.response.MovieDetailResponse
com.dicoding.moviecatalog.core.data.source.local.room.MovieDatabase_Impl
com.dicoding.moviecatalog.core.data.source.remote.network.ApiService
com.dicoding.moviecatalog.presentation.main.MovieListViewModel$uiState$1
com.dicoding.moviecatalog.presentation.detail.DetailActivity$observe$1$1$1
com.dicoding.moviecatalog.presentation.detail.DetailViewModel$toggleFavorite$1
com.dicoding.moviecatalog.presentation.common.UiState$Success
com.dicoding.moviecatalog.presentation.main.MovieListViewModel$special$$inlined$map$1$2$1
com.dicoding.moviecatalog.presentation.detail.DetailViewModel$special$$inlined$map$1$2
com.dicoding.moviecatalog.presentation.common.UiState$Error
com.dicoding.moviecatalog.presentation.main.MovieListViewModel$special$$inlined$map$1
com.dicoding.moviecatalog.presentation.detail.DetailActivity$observe$1$1
com.dicoding.moviecatalog.presentation.main.MovieListViewModel
com.dicoding.moviecatalog.presentation.main.MovieListFragment$observe$1$1$1
com.dicoding.moviecatalog.presentation.detail.DetailActivity$movieId$2
com.dicoding.moviecatalog.presentation.mapper.UiMapper
com.dicoding.moviecatalog.presentation.favorite.FavoriteNavigator$openFavorite$1
com.dicoding.moviecatalog.presentation.common.UiState$Loading
com.dicoding.moviecatalog.presentation.main.MovieAdapter$MovieViewHolder
com.dicoding.moviecatalog.presentation.detail.DetailActivity
com.dicoding.moviecatalog.presentation.detail.DetailActivity$special$$inlined$viewModel$default$1
com.dicoding.moviecatalog.core.data.source.remote.response.MovieResponse
com.dicoding.moviecatalog.presentation.detail.DetailViewModel$special$$inlined$map$1$2$1
com.dicoding.moviecatalog.presentation.main.MovieListFragment$observe$1
com.dicoding.moviecatalog.MovieCatalogApp
com.dicoding.moviecatalog.presentation.detail.DetailViewModel
com.dicoding.moviecatalog.presentation.main.MovieListViewModel$special$$inlined$map$1$2
com.dicoding.moviecatalog.core.domain.model.Movie
com.dicoding.moviecatalog.presentation.main.MovieListFragment$adapter$1
com.dicoding.moviecatalog.presentation.main.MainActivity
com.dicoding.moviecatalog.favorite.FavoriteActivity
com.dicoding.moviecatalog.presentation.main.MovieAdapter$Companion$DIFF$1
com.dicoding.moviecatalog.presentation.detail.DetailActivity$observe$1
com.dicoding.moviecatalog.presentation.model.MovieUi
com.dicoding.moviecatalog.presentation.detail.DetailActivity$Companion
com.dicoding.moviecatalog.presentation.common.UiState
com.dicoding.moviecatalog.core.data.source.local.entity.MovieEntity
...
androidx.appcompat.widget.AppCompatEditText: android.view.textclassifier.TextClassifier getTextClassifier()
androidx.core.view.ViewCompat$Api21Impl: android.graphics.PorterDuff$Mode getBackgroundTintMode(android.view.View)
androidx.appcompat.view.menu.ListMenuItemView: void setGroupDividerEnabled(boolean)
com.google.android.material.button.MaterialButtonToggleGroup: void setSelectionRequired(boolean)
androidx.appcompat.app.AppCompatActivity: void onStop()
androidx.appcompat.widget.SearchView: void setOnQueryTextListener(androidx.appcompat.widget.SearchView$OnQueryTextListener)
com.google.android.material.button.MaterialButton: int getInsetTop()
com.google.gson.internal.bind.TypeAdapters$21: void write(com.google.gson.stream.JsonWriter,java.lang.Object)
androidx.lifecycle.ReportFragment$LifecycleCallbacks: void onActivityStarted(android.app.Activity)
retrofit2.OkHttpCall: java.lang.Object clone()
com.google.android.material.textfield.TextInputLayout: android.content.res.ColorStateList getCounterTextColor()
net.sqlcipher.database.SQLiteCompiledSql: boolean acquire()
retrofit2.OkHttpCall$ExceptionCatchingResponseBody: void close()
net.sqlcipher.database.SQLiteOpenHelper: void onOpen(net.sqlcipher.database.SQLiteDatabase)
androidx.appcompat.widget.Toolbar: void setSubtitleTextColor(android.content.res.ColorStateList)
com.google.gson.JsonDeserializationContext: java.lang.Object deserialize(com.google.gson.JsonElement,java.lang.reflect.Type)
com.google.gson.GsonBuilder: com.google.gson.GsonBuilder addDeserializationExclusionStrategy(com.google.gson.ExclusionStrategy)
okhttp3.RequestBody: okhttp3.RequestBody create(byte[],okhttp3.MediaType,int,int)
androidx.fragment.app.strictmode.FragmentStrictMode$Flag: androidx.fragment.app.strictmode.FragmentStrictMode$Flag valueOf(java.lang.String)
com.google.gson.JsonPrimitive: boolean isNumber()
androidx.fragment.app.Fragment: boolean getPopDirection()
com.bumptech.glide.MemoryCategory: com.bumptech.glide.MemoryCategory valueOf(java.lang.String)
com.google.android.material.chip.Chip: float getCloseIconEndPadding()
androidx.activity.ComponentActivity: void setContentView(android.view.View)
com.google.android.material.chip.Chip: void setCheckedIconResource(int)
retrofit2.Retrofit$Builder: retrofit2.Retrofit$Builder callFactory(okhttp3.Call$Factory)
com.google.android.material.transformation.ExpandableBehavior: ExpandableBehavior()
androidx.constraintlayout.widget.Barrier: boolean getAllowsGoneWidget()
androidx.room.RoomDatabase: void endTransaction()
net.sqlcipher.database.SQLiteDatabase: boolean isDbLockedByOtherThreads()
net.sqlcipher.database.SQLiteDatabase: boolean enableWriteAheadLogging()
com.google.android.material.textfield.TextInputLayout: void setErrorIconOnLongClickListener(android.view.View$OnLongClickListener)
com.google.android.material.checkbox.MaterialCheckBox: void setCenterIfNoTextEnabled(boolean)
com.bumptech.glide.load.resource.bitmap.DownsampleStrategy$SampleSizeRounding: com.bumptech.glide.load.resource.bitmap.DownsampleStrategy$SampleSizeRounding[] values()
com.google.android.material.transformation.ExpandableBehavior: ExpandableBehavior(android.content.Context,android.util.AttributeSet)
retrofit2.RequestFactory$Builder: java.util.Set parsePathParameters(java.lang.String)
net.sqlcipher.database.SQLiteDatabase: java.lang.String getPath()
com.google.android.material.card.MaterialCardView: void setChecked(boolean)
net.sqlcipher.AbstractCursor: int getType(int)
androidx.core.graphics.drawable.IconCompat: IconCompat()
androidx.core.view.ViewCompat$Api26Impl: boolean isKeyboardNavigationCluster(android.view.View)
androidx.appcompat.widget.AppCompatButton: int getAutoSizeMaxTextSize()
androidx.appcompat.widget.AppCompatToggleButton: android.graphics.PorterDuff$Mode getSupportBackgroundTintMode()
com.google.gson.JsonArray: com.google.gson.JsonArray deepCopy()
retrofit2.DefaultCallAdapterFactory$1: retrofit2.Call adapt(retrofit2.Call)