app/build/outputs/mapping/release/usage.txt
com.dicoding.moviecatalog.BuildConfig
com.dicoding.moviecatalog.R$id:
    public static int movieListFragment
    public static int nav_graph
    public static int swipeRefresh
    private void <init>()
com.dicoding.moviecatalog.R$layout:
    private void <init>()
com.dicoding.moviecatalog.R$menu:
    private void <init>()
com.dicoding.moviecatalog.R$mipmap
com.dicoding.moviecatalog.R$navigation
com.dicoding.moviecatalog.R$string:
    public static int app_name
    public static int backdrop
    public static int detail
    public static int favorite
    public static int poster
    public static int search
    private void <init>()
com.dicoding.moviecatalog.R$style
com.dicoding.moviecatalog.R$xml
com.dicoding.moviecatalog.R
com.dicoding.moviecatalog.core.BuildConfig
com.dicoding.moviecatalog.core.R
com.dicoding.moviecatalog.core.data.MovieRepository$getFavoriteMovies$$inlined$map$1$2$1:
    java.lang.Object L$0
com.dicoding.moviecatalog.core.data.MovieRepository$getMovieDetail$1$invokeSuspend$$inlined$map$1$2$1:
    java.lang.Object L$0
com.dicoding.moviecatalog.core.data.MovieRepository$getPopularMovies$1$invokeSuspend$$inlined$map$1$2$1:
    java.lang.Object L$0
com.dicoding.moviecatalog.core.data.MovieRepository$toggleFavorite$2$invokeSuspend$$inlined$map$1$2$1:
    java.lang.Object L$0
com.dicoding.moviecatalog.core.data.mapper.MovieMapperKt
com.dicoding.moviecatalog.core.di.CoreModuleKt:
    private static final java.lang.String BASE_URL
    private static final java.lang.String HOST_NAME
com.dicoding.moviecatalog.core.util.Resource$Error:
    public final java.lang.String component1()
    public final java.lang.Object component2()
    public final com.dicoding.moviecatalog.core.util.Resource$Error copy(java.lang.String,java.lang.Object)
    public static synthetic com.dicoding.moviecatalog.core.util.Resource$Error copy$default(com.dicoding.moviecatalog.core.util.Resource$Error,java.lang.String,java.lang.Object,int,java.lang.Object)
    public final java.lang.Object getData()
com.dicoding.moviecatalog.core.util.Resource$Success:
    public final java.lang.Object component1()
    public final com.dicoding.moviecatalog.core.util.Resource$Success copy(java.lang.Object)
    public static synthetic com.dicoding.moviecatalog.core.util.Resource$Success copy$default(com.dicoding.moviecatalog.core.util.Resource$Success,java.lang.Object,int,java.lang.Object)
com.dicoding.moviecatalog.databinding.ActivityDetailBinding:
    public synthetic bridge android.view.View getRoot()
com.dicoding.moviecatalog.databinding.ActivityMainBinding:
    public synthetic bridge android.view.View getRoot()
com.dicoding.moviecatalog.databinding.FragmentMovieListBinding:
    public synthetic bridge android.view.View getRoot()
    public static com.dicoding.moviecatalog.databinding.FragmentMovieListBinding inflate(android.view.LayoutInflater)
com.dicoding.moviecatalog.databinding.ItemMovieBinding:
    public synthetic bridge android.view.View getRoot()
    public static com.dicoding.moviecatalog.databinding.ItemMovieBinding inflate(android.view.LayoutInflater)
com.dicoding.moviecatalog.favorite.R$id:
    private void <init>()
com.dicoding.moviecatalog.favorite.R$layout:
    private void <init>()
com.dicoding.moviecatalog.favorite.R$string
com.dicoding.moviecatalog.favorite.R
com.dicoding.moviecatalog.favorite.databinding.ActivityFavoriteBinding:
    public synthetic bridge android.view.View getRoot()
com.dicoding.moviecatalog.favorite.databinding.FragmentFavoriteBinding:
    public synthetic bridge android.view.View getRoot()
    public static com.dicoding.moviecatalog.favorite.databinding.FragmentFavoriteBinding inflate(android.view.LayoutInflater)
com.dicoding.moviecatalog.favorite.databinding.ItemFavoriteBinding:
    public synthetic bridge android.view.View getRoot()
    public static com.dicoding.moviecatalog.favorite.databinding.ItemFavoriteBinding inflate(android.view.LayoutInflater)
com.dicoding.moviecatalog.MovieCatalogApp$onCreate$1
...
org.koin.androidx.fragment.dsl.ScopeFragmentOfKt$fragmentOf$3
org.koin.androidx.fragment.dsl.ScopeFragmentOfKt$fragmentOf$4
org.koin.androidx.fragment.dsl.ScopeFragmentOfKt$fragmentOf$5
org.koin.androidx.fragment.dsl.ScopeFragmentOfKt$fragmentOf$6
org.koin.androidx.fragment.dsl.ScopeFragmentOfKt$fragmentOf$7
org.koin.androidx.fragment.dsl.ScopeFragmentOfKt$fragmentOf$8
org.koin.androidx.fragment.dsl.ScopeFragmentOfKt$fragmentOf$9
org.koin.androidx.fragment.dsl.ScopeFragmentOfKt
org.koin.androidx.fragment.dsl.ScopeSetExtKt$fragment$1
org.koin.androidx.fragment.dsl.ScopeSetExtKt
org.koin.androidx.fragment.koin.KoinApplicationExtKt$fragmentFactoryModule$1$1
org.koin.androidx.fragment.koin.KoinApplicationExtKt$fragmentFactoryModule$1
org.koin.androidx.fragment.koin.KoinApplicationExtKt
org.koin.androidx.scope.ComponentActivityExtKt$activityRetainedScope$1
org.koin.androidx.scope.ComponentActivityExtKt$activityScope$1
org.koin.androidx.scope.ComponentActivityExtKt$createActivityRetainedScope$$inlined$viewModels$default$1
org.koin.androidx.scope.ComponentActivityExtKt$createActivityRetainedScope$$inlined$viewModels$default$2
org.koin.androidx.scope.ComponentActivityExtKt$createActivityRetainedScope$$inlined$viewModels$default$3
org.koin.androidx.scope.ComponentActivityExtKt$createScopeForCurrentLifecycle$1
org.koin.androidx.scope.ComponentActivityExtKt$registerScopeForLifecycle$1
org.koin.androidx.scope.ComponentActivityExtKt
org.koin.androidx.scope.FragmentExtKt$fragmentScope$1
org.koin.androidx.scope.FragmentExtKt
org.koin.androidx.scope.LifecycleOwnerExtKt
org.koin.androidx.scope.LifecycleViewModelScopeDelegate$1
org.koin.androidx.scope.LifecycleViewModelScopeDelegate$2
org.koin.androidx.scope.LifecycleViewModelScopeDelegate$special$$inlined$viewModels$default$1
org.koin.androidx.scope.LifecycleViewModelScopeDelegate$special$$inlined$viewModels$default$2
org.koin.androidx.scope.LifecycleViewModelScopeDelegate$special$$inlined$viewModels$default$3
org.koin.androidx.scope.LifecycleViewModelScopeDelegate
org.koin.androidx.scope.RetainedScopeActivity
org.koin.androidx.scope.ScopeActivity
org.koin.androidx.scope.ScopeFragment
org.koin.androidx.scope.ScopeHandlerViewModel
org.koin.androidx.viewmodel.GetViewModelKt$lazyResolveViewModel$1
org.koin.androidx.viewmodel.GetViewModelKt:
    public static final kotlin.Lazy lazyResolveViewModel(kotlin.reflect.KClass,kotlin.jvm.functions.Function0,java.lang.String,kotlin.jvm.functions.Function0,org.koin.core.qualifier.Qualifier,org.koin.core.scope.Scope,kotlin.jvm.functions.Function0)
    public static synthetic kotlin.Lazy lazyResolveViewModel$default(kotlin.reflect.KClass,kotlin.jvm.functions.Function0,java.lang.String,kotlin.jvm.functions.Function0,org.koin.core.qualifier.Qualifier,org.koin.core.scope.Scope,kotlin.jvm.functions.Function0,int,java.lang.Object)
org.koin.androidx.viewmodel.ViewModelOwner$Companion
org.koin.androidx.viewmodel.ViewModelOwner
org.koin.androidx.viewmodel.ViewModelOwnerKt
org.koin.androidx.viewmodel.ViewModelParameter
org.koin.androidx.viewmodel.ViewModelResolverKt
org.koin.androidx.viewmodel.dsl.ModuleExtKt$viewModel$1
org.koin.androidx.viewmodel.dsl.ModuleExtKt
org.koin.androidx.viewmodel.dsl.ScopeSetExtKt$viewModel$1
org.koin.androidx.viewmodel.dsl.ScopeSetExtKt
org.koin.androidx.viewmodel.dsl.ScopeViewModelOfKt$viewModelOf$10
org.koin.androidx.viewmodel.dsl.ScopeViewModelOfKt$viewModelOf$11
org.koin.androidx.viewmodel.dsl.ScopeViewModelOfKt$viewModelOf$12
org.koin.androidx.viewmodel.dsl.ScopeViewModelOfKt$viewModelOf$13
org.koin.androidx.viewmodel.dsl.ScopeViewModelOfKt$viewModelOf$14
org.koin.androidx.viewmodel.dsl.ScopeViewModelOfKt$viewModelOf$15
org.koin.androidx.viewmodel.dsl.ScopeViewModelOfKt$viewModelOf$16
org.koin.androidx.viewmodel.dsl.ScopeViewModelOfKt$viewModelOf$17
org.koin.androidx.viewmodel.dsl.ScopeViewModelOfKt$viewModelOf$18
org.koin.androidx.viewmodel.dsl.ScopeViewModelOfKt$viewModelOf$19